<?xml version="1.0" encoding="UTF-8"?>
<!-- Generated by org.testng.reporters.JUnitReportReporter -->
<testsuite hostname="Sandrashaji" failures="0" tests="2" name="testscript.ManageNewsTest" time="31.314" errors="0" timestamp="2025-04-09T19:38:30 IST" skipped="0">
  <testcase classname="testscript.ManageNewsTest" name="verifyWhetherUserCanSearchNews" time="15.247"/>
  <testcase classname="testscript.ManageNewsTest" name="verifyWhetherUserCanManageNews" time="16.067"/>
</testsuite> <!-- testscript.ManageNewsTest -->
