<?xml version="1.0" encoding="UTF-8"?>
<!-- Generated by org.testng.reporters.JUnitReportReporter -->
<testsuite hostname="Sandrashaji" failures="0" tests="2" name="testscript.SubcategoryTest" time="28.450" errors="0" timestamp="2025-04-09T19:35:59 IST" skipped="0">
  <testcase classname="testscript.SubcategoryTest" name="verifyWhetherUserCanAddSubcategoryPage" time="18.585"/>
  <testcase classname="testscript.SubcategoryTest" name="verifyWhetherUserCanSearchSubcategoryPage" time="9.865"/>
</testsuite> <!-- testscript.SubcategoryTest -->
