<?xml version="1.0" encoding="UTF-8"?>
<!-- Generated by org.testng.reporters.JUnitReportReporter -->
<testsuite hostname="Sandrashaji" failures="0" tests="2" name="testscript.LoginTest" time="20.556" errors="0" timestamp="2025-04-09T20:19:44 IST" skipped="0">
  <testcase classname="testscript.LoginTest" name="verifyWhetherUserCanLoginWithInvalidCredentials" time="16.094"/>
  <testcase classname="testscript.LoginTest" name="verifyWhetherUserCanLoginWithInvalidCredentials" time="4.462"/>
</testsuite> <!-- testscript.LoginTest -->
