<?xml version="1.0" encoding="UTF-8"?>
<!-- Generated by org.testng.reporters.JUnitReportReporter -->
<testsuite hostname="Sandrashaji" failures="0" tests="1" name="testscript.HomeTest" time="10.824" errors="0" timestamp="2025-04-09T19:37:36 IST" skipped="0">
  <testcase classname="testscript.HomeTest" name="verifyWhetherUserCanLogout" time="10.824"/>
</testsuite> <!-- testscript.HomeTest -->
