<?xml version="1.0" encoding="UTF-8"?>
<!-- Generated by org.testng.reporters.JUnitReportReporter -->
<testsuite hostname="Sandrashaji" failures="0" tests="2" name="testscript.AdminUserTest" time="36.324" errors="0" timestamp="2025-04-09T19:37:02 IST" skipped="0">
  <testcase classname="testscript.AdminUserTest" name="verifyWhetherAdminCanSearchUsers" time="12.229"/>
  <testcase classname="testscript.AdminUserTest" name="verifyWhetherAdminCanManageUsers" time="24.095"/>
</testsuite> <!-- testscript.AdminUserTest -->
